Arguments: 
  C:\Program Files\nodejs\node.exe C:\Program Files\nodejs\node_modules\yarn\bin\yarn.js install

PATH: 
  C:\Program Files\Git\mingw64\bin;C:\Program Files\Git\usr\bin;C:\Users\HOME\bin;C:\Users\HOME\bin;C:\Program Files\Git\mingw64\bin;C:\Program Files\Git\usr\local\bin;C:\Program Files\Git\usr\bin;C:\Program Files\Git\usr\bin;C:\Program Files\Git\mingw64\bin;C:\Program Files\Git\usr\bin;C:\Users\HOME\bin;C:\ProgramData\Oracle\Java\javapath;C:\Program Files (x86)\Intel\iCLS Client;C:\Program Files\Intel\iCLS Client;C:\WINDOWS\system32;C:\WINDOWS;C:\WINDOWS\System32\Wbem;C:\WINDOWS\System32\WindowsPowerShell\v1.0;C:\Program Files (x86)\Intel\Intel(R) Management Engine Components\DAL;C:\Program Files\Intel\Intel(R) Management Engine Components\DAL;C:\Program Files (x86)\Intel\Intel(R) Management Engine Components\IPT;C:\Program Files\Intel\Intel(R) Management Engine Components\IPT;C:\Program Files\Microsoft SQL Server\130\Tools\Binn;C:\Program Files\dotnet;C:\Program Files\Microsoft SQL Server\120\DTS\Binn;C:\Program Files\Microsoft SQL Server\Client SDK\ODBC\110\Tools\Binn;C:\Program Files (x86)\Microsoft SQL Server\120\Tools\Binn;C:\Program Files\Microsoft SQL Server\120\Tools\Binn;C:\Program Files (x86)\Microsoft SQL Server\120\Tools\Binn\ManagementStudio;C:\Program Files (x86)\Microsoft SQL Server\120\DTS\Binn;C:\Program Files\Git\cmd;E:\xampp\php;C:\ProgramData\ComposerSetup\bin;C:\WINDOWS\System32\OpenSSH;E:\visual code\Microsoft VS Code\bin;C:\Program Files\Redis;C:\Users\HOME\AppData\Roaming\nvm;C:\Program Files\nodejs;C:\Users\HOME\AppData\Roaming\npm;C:\Users\HOME\AppData\Local\Microsoft\WindowsApps;E:\visual code\Microsoft VS Code\bin;C:\Program Files\Heroku\bin;C:\Program Files\MongoDB\Server\3.6\bin;C:\Users\HOME\AppData\Roaming\Composer\vendor\bin;C:\Users\HOME\AppData\Roaming\Dashlane\4.6.6.23032\bin\Firefox_Extension\{442718d9-475e-452a-b3e1-fb1ee16b8e9f}\components;C:\Users\HOME\AppData\Roaming\Dashlane\5.7.0.16178\bin\Firefox_Extension\{442718d9-475e-452a-b3e1-fb1ee16b8e9f}\components;C:\Users\HOME\AppData\Roaming\Dashlane\5.7.0.16178\ucrt;E:\docker-toolbox\Docker Toolbox;C:\Users\HOME\AppData\Roaming\npm;C:\Users\HOME\AppData\Roaming\nvm;C:\Program Files\nodejs;C:\Users\HOME\AppData\Local\Android\sdk\platform-tools;C:\Program Files\Git\usr\bin\vendor_perl;C:\Program Files\Git\usr\bin\core_perl

Yarn version: 
  1.22.10

Node version: 
  12.14.1

Platform: 
  win32 x64

Trace: 
  Error: https://github.com/expo/react-native/archive/sdk-42.0.0.tar.gz: ESOCKETTIMEDOUT
      at ClientRequest.<anonymous> (C:\Users\HOME\AppData\Roaming\nvm\v12.14.1\node_modules\yarn\lib\cli.js:141289:19)
      at Object.onceWrapper (events.js:312:28)
      at ClientRequest.emit (events.js:223:5)
      at TLSSocket.emitRequestTimeout (_http_client.js:690:9)
      at Object.onceWrapper (events.js:312:28)
      at TLSSocket.emit (events.js:223:5)
      at TLSSocket.Socket._onTimeout (net.js:474:8)
      at listOnTimeout (internal/timers.js:531:17)
      at processTimers (internal/timers.js:475:7)

npm manifest: 
  {
    "main": "node_modules/expo/AppEntry.js",
    "scripts": {
      "start": "expo start",
      "android": "expo start --android",
      "ios": "expo start --ios",
      "web": "expo start --web",
      "eject": "expo eject",
      "test": "jest --watchAll"
    },
    "jest": {
      "preset": "jest-expo"
    },
    "dependencies": {
      "@expo/vector-icons": "^12.0.0",
      "@react-native-community/masked-view": "0.1.10",
      "@react-navigation/bottom-tabs": "5.11.2",
      "@react-navigation/native": "~5.8.10",
      "@react-navigation/stack": "~5.12.8",
      "expo": "~42.0.1",
      "expo-asset": "~8.3.2",
      "expo-constants": "~11.0.1",
      "expo-font": "~9.2.1",
      "expo-linking": "~2.3.1",
      "expo-splash-screen": "~0.11.2",
      "expo-status-bar": "~1.0.4",
      "expo-web-browser": "~9.2.0",
      "react": "16.13.1",
      "react-dom": "16.13.1",
      "react-native": "https://github.com/expo/react-native/archive/sdk-42.0.0.tar.gz",
      "react-native-reanimated": "~2.2.0",
      "react-native-gesture-handler": "~1.10.2",
      "react-native-safe-area-context": "3.2.0",
      "react-native-screens": "~3.4.0",
      "react-native-web": "~0.13.12"
    },
    "devDependencies": {
      "@babel/core": "^7.9.0",
      "@types/react": "~16.9.35",
      "@types/react-native": "~0.63.2",
      "jest-expo": "~41.0.0-beta.0",
      "typescript": "~4.0.0"
    },
    "private": true
  }

yarn manifest: 
  No manifest

Lockfile: 
  No lockfile
